INFO 2014-06-03 17:25:39,862 login_view 5811 4438175744 [START]- Request Received for the login page.
INFO 2014-06-03 17:25:39,989 login_view 5811 4438175744 [END]- Request Completed for the login page.
INFO 2014-06-03 17:26:29,368 forgot_password_view 5811 4434493440 [START]-Requesting for the forgot password process to be started to navigate to the change password page.
INFO 2014-06-03 17:26:29,392 forgot_password_view 5811 4434493440 [END]-Forgot Password request Completed, processing the response received from web call.
DEBUG 2014-06-03 17:26:29,393 forgot_password_view 5811 4434493440 Response Received for the forgot password request {}
INFO 2014-06-03 17:26:29,393 forgot_password_view 5811 4434493440 [END]- Forgot password request is accepted and redirecting to the change password page
INFO 2014-06-03 17:26:29,890 change_pwd_view 5811 4434493440 [START]-Request Received for Change password Page.
INFO 2014-06-03 17:26:29,894 change_pwd_view 5811 4434493440 [END]-Request completed for the rendering the change password screen.
INFO 2014-06-03 18:11:47,414 forgot_password_view 5811 4434493440 [START]-Requesting for the forgot password process to be started to navigate to the change password page.
INFO 2014-06-03 18:11:47,515 forgot_password_view 5811 4434493440 [END]-As the inputs are not valid asking user to re input the details.
INFO 2014-06-20 18:46:57,596 pre_login_view 4829 4346228736 [START]- Request will be redirected to login page.
INFO 2014-06-20 18:46:57,636 pre_login_view 4829 4346228736 [END]- URL formation for the login page redirect completed.
INFO 2014-06-20 18:46:57,811 pre_login_view 4829 4350435328 [START]- Request will be redirected to login page.
INFO 2014-06-20 18:46:57,812 pre_login_view 4829 4350435328 [END]- URL formation for the login page redirect completed.
INFO 2014-06-20 18:46:58,254 login_view 4829 4350697472 [START]- Request Received for the login page.
INFO 2014-06-20 18:46:58,255 login_view 4829 4350697472 [END]- Request Completed for the login page.
INFO 2014-06-21 10:40:57,747 login_view 5982 4388642816 [START]- Request Received for the login page.
INFO 2014-06-21 10:40:58,154 login_view 5982 4388642816 [END]- Request Completed for the login page.
WARNING 2014-06-21 10:41:49,119 base 5982 4388642816 Not Found: /1/safari-extension://com.slicefactory.firebug-M6DQ5JZ52E/1e66334a/skin/xp/pixel_transparent.gif
WARNING 2014-06-21 10:42:03,348 base 5982 4388642816 Not Found: /1/blank.gif
