INFO 2014-06-23 19:41:01,734 ProfileSettingsView 954 4470743040 [END]- Welcome View rendered.
INFO 2014-06-23 19:42:15,188 ProfileSettingsView 954 4470743040 [END]- Welcome View rendered.
INFO 2014-06-23 19:42:20,712 ProfileSettingsView 954 4474949632 [END]- Welcome View rendered.
INFO 2014-06-23 19:42:37,607 ProfileSettingsView 954 4471005184 [END]- Welcome View rendered.
INFO 2014-06-23 19:43:09,984 ProfileSettingsView 954 4471005184 [END]- Welcome View rendered.
INFO 2014-06-23 19:43:52,040 ProfileSettingsView 954 4471005184 [END]- Welcome View rendered.
INFO 2014-06-23 19:44:22,837 ProfileSettingsView 954 4471005184 [END]- Welcome View rendered.
INFO 2014-06-23 19:45:25,536 ProfileSettingsView 954 4471005184 [END]- Welcome View rendered.
INFO 2014-06-23 20:19:11,133 ProfileSettingsView 954 4471005184 [START]- Request Received for the settings Page
ERROR 2014-06-23 20:19:11,172 base 954 4471005184 Internal Server Error: /setting/
Traceback (most recent call last):
  File "/Library/Python/2.7/site-packages/django/core/handlers/base.py", line 114, in get_response
    response = wrapped_callback(request, *callback_args, **callback_kwargs)
  File "/Library/Python/2.7/site-packages/django/views/generic/base.py", line 69, in view
    return self.dispatch(request, *args, **kwargs)
  File "/Users/Jayaram/git/uimirror-py/account/custom_mixins/LoginCheckMixin.py", line 22, in dispatch
    return super(LoginCheckMixin, self).dispatch(request, *args, **kwargs)
  File "/Library/Python/2.7/site-packages/django/views/generic/base.py", line 87, in dispatch
    return handler(request, *args, **kwargs)
  File "/Users/Jayaram/git/uimirror-py/account/profile_settings/ProfileSettingsView.py", line 17, in get
    tab = request.GET['ref'];
  File "/Library/Python/2.7/site-packages/django/utils/datastructures.py", line 301, in __getitem__
    raise MultiValueDictKeyError(repr(key))
MultiValueDictKeyError: "'ref'"
WARNING 2014-06-23 20:19:12,529 base 954 4471005184 Not Found: /favicon.ico
INFO 2014-06-23 20:19:55,653 ProfileSettingsView 954 4471005184 [START]- Request Received for the settings Page
INFO 2014-06-23 20:19:55,779 ProfileSettingsView 954 4471005184 [START]- Request Rendered for the settings Page
INFO 2014-06-23 20:20:40,434 ProfileSettingsView 954 4471005184 [START]- Request Received for the settings Page
DEBUG 2014-06-23 20:20:40,473 ProfileSettingsView 954 4471005184 {'usr': {'status': {'status': 'Software engineer', 'type': 'job', 'id': '1234', 'name': 'EMC'}, 'tz': 'Asia/Kolkota', 'locale': 'en', 'sex': 'M', 'lname': 'Pradhan', 'dob': {'status': 'Software engineer', 'type': 'job', 'id': '1234', 'name': 'EMC'}, 'fname': 'Jayaram'}, 'social': {'chat': {}}}
INFO 2014-06-23 20:20:40,475 ProfileSettingsView 954 4471005184 [START]- Request Rendered for the settings Page
INFO 2014-06-23 20:23:53,114 ProfileSettingsView 954 4471005184 [START]- Request Received for the settings Page
DEBUG 2014-06-23 20:23:53,145 ProfileSettingsView 954 4471005184 {'usr': {'status': {'status': 'Software engineer', 'type': 'job', 'id': '1234', 'name': 'EMC'}, 'tz': 'Asia/Kolkota', 'locale': 'en', 'sex': 'M', 'lname': 'Pradhan', 'dob': {'status': 'Software engineer', 'type': 'job', 'id': '1234', 'name': 'EMC'}, 'fname': 'Jayaram'}, 'social': {'chat': 'test'}}
INFO 2014-06-23 20:23:53,148 ProfileSettingsView 954 4471005184 [START]- Request Rendered for the settings Page
INFO 2014-06-23 20:24:39,619 ProfileSettingsView 954 4471005184 [START]- Request Received for the settings Page
DEBUG 2014-06-23 20:24:39,649 ProfileSettingsView 954 4471005184 {'usr': {'status': {'status': 'Software engineer', 'type': 'job', 'id': '1234', 'name': 'EMC'}, 'tz': 'Asia/Kolkota', 'locale': 'en', 'sex': 'M', 'lname': 'Pradhan', 'dob': {'status': 'Software engineer', 'type': 'job', 'id': '1234', 'name': 'EMC'}, 'fname': 'Jayaram'}, 'social': {'chat': 'test'}}
INFO 2014-06-23 20:24:39,652 ProfileSettingsView 954 4471005184 [START]- Request Rendered for the settings Page
INFO 2014-06-23 20:30:34,922 ProfileSettingsView 954 4471005184 [START]- Request Received for the settings Page
DEBUG 2014-06-23 20:30:34,997 ProfileSettingsView 954 4471005184 {'usr': {'status': {'status': 'Software engineer', 'type': 'job', 'id': '1234', 'name': 'EMC'}, 'tz': 'Asia/Kolkota', 'locale': 'en', 'sex': 'M', 'lname': 'Pradhan', 'dob': {'status': 'Software engineer', 'type': 'job', 'id': '1234', 'name': 'EMC'}, 'fname': 'Jayaram'}, 'social': {'chat': 'test'}}
INFO 2014-06-23 20:30:34,999 ProfileSettingsView 954 4471005184 [START]- Request Rendered for the settings Page
ERROR 2014-06-23 20:30:35,053 base 954 4471005184 Internal Server Error: /setting/
Traceback (most recent call last):
  File "/Library/Python/2.7/site-packages/django/core/handlers/base.py", line 114, in get_response
    response = wrapped_callback(request, *callback_args, **callback_kwargs)
  File "/Library/Python/2.7/site-packages/django/views/generic/base.py", line 69, in view
    return self.dispatch(request, *args, **kwargs)
  File "/Users/Jayaram/git/uimirror-py/account/custom_mixins/LoginCheckMixin.py", line 22, in dispatch
    return super(LoginCheckMixin, self).dispatch(request, *args, **kwargs)
  File "/Library/Python/2.7/site-packages/django/views/generic/base.py", line 87, in dispatch
    return handler(request, *args, **kwargs)
  File "/Users/Jayaram/git/uimirror-py/account/profile_settings/ProfileSettingsView.py", line 29, in get
    return render_to_response('profile/settings/social/home.html',context);
  File "/Library/Python/2.7/site-packages/django/shortcuts/__init__.py", line 29, in render_to_response
    return HttpResponse(loader.render_to_string(*args, **kwargs), **httpresponse_kwargs)
  File "/Library/Python/2.7/site-packages/django/template/loader.py", line 164, in render_to_string
    return t.render(Context(dictionary))
  File "/Library/Python/2.7/site-packages/django/template/base.py", line 140, in render
    return self._render(context)
  File "/Library/Python/2.7/site-packages/django/test/utils.py", line 85, in instrumented_test_render
    return self.nodelist.render(context)
  File "/Library/Python/2.7/site-packages/django/template/base.py", line 840, in render
    bit = self.render_node(node, context)
  File "/Library/Python/2.7/site-packages/django/template/debug.py", line 78, in render_node
    return node.render(context)
  File "/Library/Python/2.7/site-packages/django/template/loader_tags.py", line 123, in render
    return compiled_parent._render(context)
  File "/Library/Python/2.7/site-packages/django/test/utils.py", line 85, in instrumented_test_render
    return self.nodelist.render(context)
  File "/Library/Python/2.7/site-packages/django/template/base.py", line 840, in render
    bit = self.render_node(node, context)
  File "/Library/Python/2.7/site-packages/django/template/debug.py", line 78, in render_node
    return node.render(context)
  File "/Library/Python/2.7/site-packages/django/template/loader_tags.py", line 62, in render
    result = block.nodelist.render(context)
  File "/Library/Python/2.7/site-packages/django/template/base.py", line 840, in render
    bit = self.render_node(node, context)
  File "/Library/Python/2.7/site-packages/django/template/debug.py", line 78, in render_node
    return node.render(context)
  File "/Library/Python/2.7/site-packages/django/template/loader_tags.py", line 155, in render
    return self.render_template(self.template, context)
  File "/Library/Python/2.7/site-packages/django/template/loader_tags.py", line 137, in render_template
    output = template.render(context)
  File "/Library/Python/2.7/site-packages/django/template/base.py", line 140, in render
    return self._render(context)
  File "/Library/Python/2.7/site-packages/django/test/utils.py", line 85, in instrumented_test_render
    return self.nodelist.render(context)
  File "/Library/Python/2.7/site-packages/django/template/base.py", line 840, in render
    bit = self.render_node(node, context)
  File "/Library/Python/2.7/site-packages/django/template/debug.py", line 78, in render_node
    return node.render(context)
  File "/Library/Python/2.7/site-packages/django/template/defaulttags.py", line 447, in render
    six.reraise(*exc_info)
  File "/Library/Python/2.7/site-packages/django/template/defaulttags.py", line 433, in render
    url = reverse(view_name, args=args, kwargs=kwargs, current_app=context.current_app)
  File "/Library/Python/2.7/site-packages/django/core/urlresolvers.py", line 532, in reverse
    return iri_to_uri(resolver._reverse_with_prefix(view, prefix, *args, **kwargs))
  File "/Library/Python/2.7/site-packages/django/core/urlresolvers.py", line 452, in _reverse_with_prefix
    (lookup_view_s, args, kwargs, len(patterns), patterns))
NoReverseMatch: Reverse for 'uim.profile.setting.by.app' with arguments '(u'social',)' and keyword arguments '{}' not found. 0 pattern(s) tried: []
INFO 2014-06-23 20:31:24,146 ProfileSettingsView 954 4471005184 [START]- Request Received for the settings Page
DEBUG 2014-06-23 20:31:24,216 ProfileSettingsView 954 4471005184 {'usr': {'status': {'status': 'Software engineer', 'type': 'job', 'id': '1234', 'name': 'EMC'}, 'tz': 'Asia/Kolkota', 'locale': 'en', 'sex': 'M', 'lname': 'Pradhan', 'dob': {'status': 'Software engineer', 'type': 'job', 'id': '1234', 'name': 'EMC'}, 'fname': 'Jayaram'}, 'social': {'chat': 'test'}}
INFO 2014-06-23 20:31:24,218 ProfileSettingsView 954 4471005184 [START]- Request Rendered for the settings Page
ERROR 2014-06-23 20:31:24,273 base 954 4471005184 Internal Server Error: /setting/
Traceback (most recent call last):
  File "/Library/Python/2.7/site-packages/django/core/handlers/base.py", line 114, in get_response
    response = wrapped_callback(request, *callback_args, **callback_kwargs)
  File "/Library/Python/2.7/site-packages/django/views/generic/base.py", line 69, in view
    return self.dispatch(request, *args, **kwargs)
  File "/Users/Jayaram/git/uimirror-py/account/custom_mixins/LoginCheckMixin.py", line 22, in dispatch
    return super(LoginCheckMixin, self).dispatch(request, *args, **kwargs)
  File "/Library/Python/2.7/site-packages/django/views/generic/base.py", line 87, in dispatch
    return handler(request, *args, **kwargs)
  File "/Users/Jayaram/git/uimirror-py/account/profile_settings/ProfileSettingsView.py", line 29, in get
    return render_to_response('profile/settings/social/home.html',context);
  File "/Library/Python/2.7/site-packages/django/shortcuts/__init__.py", line 29, in render_to_response
    return HttpResponse(loader.render_to_string(*args, **kwargs), **httpresponse_kwargs)
  File "/Library/Python/2.7/site-packages/django/template/loader.py", line 164, in render_to_string
    return t.render(Context(dictionary))
  File "/Library/Python/2.7/site-packages/django/template/base.py", line 140, in render
    return self._render(context)
  File "/Library/Python/2.7/site-packages/django/test/utils.py", line 85, in instrumented_test_render
    return self.nodelist.render(context)
  File "/Library/Python/2.7/site-packages/django/template/base.py", line 840, in render
    bit = self.render_node(node, context)
  File "/Library/Python/2.7/site-packages/django/template/debug.py", line 78, in render_node
    return node.render(context)
  File "/Library/Python/2.7/site-packages/django/template/loader_tags.py", line 123, in render
    return compiled_parent._render(context)
  File "/Library/Python/2.7/site-packages/django/test/utils.py", line 85, in instrumented_test_render
    return self.nodelist.render(context)
  File "/Library/Python/2.7/site-packages/django/template/base.py", line 840, in render
    bit = self.render_node(node, context)
  File "/Library/Python/2.7/site-packages/django/template/debug.py", line 78, in render_node
    return node.render(context)
  File "/Library/Python/2.7/site-packages/django/template/loader_tags.py", line 62, in render
    result = block.nodelist.render(context)
  File "/Library/Python/2.7/site-packages/django/template/base.py", line 840, in render
    bit = self.render_node(node, context)
  File "/Library/Python/2.7/site-packages/django/template/debug.py", line 78, in render_node
    return node.render(context)
  File "/Library/Python/2.7/site-packages/django/template/loader_tags.py", line 155, in render
    return self.render_template(self.template, context)
  File "/Library/Python/2.7/site-packages/django/template/loader_tags.py", line 137, in render_template
    output = template.render(context)
  File "/Library/Python/2.7/site-packages/django/template/base.py", line 140, in render
    return self._render(context)
  File "/Library/Python/2.7/site-packages/django/test/utils.py", line 85, in instrumented_test_render
    return self.nodelist.render(context)
  File "/Library/Python/2.7/site-packages/django/template/base.py", line 840, in render
    bit = self.render_node(node, context)
  File "/Library/Python/2.7/site-packages/django/template/debug.py", line 78, in render_node
    return node.render(context)
  File "/Library/Python/2.7/site-packages/django/template/defaulttags.py", line 447, in render
    six.reraise(*exc_info)
  File "/Library/Python/2.7/site-packages/django/template/defaulttags.py", line 433, in render
    url = reverse(view_name, args=args, kwargs=kwargs, current_app=context.current_app)
  File "/Library/Python/2.7/site-packages/django/core/urlresolvers.py", line 532, in reverse
    return iri_to_uri(resolver._reverse_with_prefix(view, prefix, *args, **kwargs))
  File "/Library/Python/2.7/site-packages/django/core/urlresolvers.py", line 452, in _reverse_with_prefix
    (lookup_view_s, args, kwargs, len(patterns), patterns))
NoReverseMatch: Reverse for 'profile_settings.uim.profile.setting.by.app' with arguments '(u'social',)' and keyword arguments '{}' not found. 0 pattern(s) tried: []
INFO 2014-06-23 20:31:52,656 ProfileSettingsView 954 4471005184 [START]- Request Received for the settings Page
DEBUG 2014-06-23 20:31:52,695 ProfileSettingsView 954 4471005184 {'usr': {'status': {'status': 'Software engineer', 'type': 'job', 'id': '1234', 'name': 'EMC'}, 'tz': 'Asia/Kolkota', 'locale': 'en', 'sex': 'M', 'lname': 'Pradhan', 'dob': {'status': 'Software engineer', 'type': 'job', 'id': '1234', 'name': 'EMC'}, 'fname': 'Jayaram'}, 'social': {'chat': 'test'}}
INFO 2014-06-23 20:31:52,697 ProfileSettingsView 954 4471005184 [START]- Request Rendered for the settings Page
ERROR 2014-06-23 20:31:52,744 base 954 4471005184 Internal Server Error: /setting/
Traceback (most recent call last):
  File "/Library/Python/2.7/site-packages/django/core/handlers/base.py", line 114, in get_response
    response = wrapped_callback(request, *callback_args, **callback_kwargs)
  File "/Library/Python/2.7/site-packages/django/views/generic/base.py", line 69, in view
    return self.dispatch(request, *args, **kwargs)
  File "/Users/Jayaram/git/uimirror-py/account/custom_mixins/LoginCheckMixin.py", line 22, in dispatch
    return super(LoginCheckMixin, self).dispatch(request, *args, **kwargs)
  File "/Library/Python/2.7/site-packages/django/views/generic/base.py", line 87, in dispatch
    return handler(request, *args, **kwargs)
  File "/Users/Jayaram/git/uimirror-py/account/profile_settings/ProfileSettingsView.py", line 29, in get
    return render_to_response('profile/settings/social/home.html',context);
  File "/Library/Python/2.7/site-packages/django/shortcuts/__init__.py", line 29, in render_to_response
    return HttpResponse(loader.render_to_string(*args, **kwargs), **httpresponse_kwargs)
  File "/Library/Python/2.7/site-packages/django/template/loader.py", line 164, in render_to_string
    return t.render(Context(dictionary))
  File "/Library/Python/2.7/site-packages/django/template/base.py", line 140, in render
    return self._render(context)
  File "/Library/Python/2.7/site-packages/django/test/utils.py", line 85, in instrumented_test_render
    return self.nodelist.render(context)
  File "/Library/Python/2.7/site-packages/django/template/base.py", line 840, in render
    bit = self.render_node(node, context)
  File "/Library/Python/2.7/site-packages/django/template/debug.py", line 78, in render_node
    return node.render(context)
  File "/Library/Python/2.7/site-packages/django/template/loader_tags.py", line 123, in render
    return compiled_parent._render(context)
  File "/Library/Python/2.7/site-packages/django/test/utils.py", line 85, in instrumented_test_render
    return self.nodelist.render(context)
  File "/Library/Python/2.7/site-packages/django/template/base.py", line 840, in render
    bit = self.render_node(node, context)
  File "/Library/Python/2.7/site-packages/django/template/debug.py", line 78, in render_node
    return node.render(context)
  File "/Library/Python/2.7/site-packages/django/template/loader_tags.py", line 62, in render
    result = block.nodelist.render(context)
  File "/Library/Python/2.7/site-packages/django/template/base.py", line 840, in render
    bit = self.render_node(node, context)
  File "/Library/Python/2.7/site-packages/django/template/debug.py", line 78, in render_node
    return node.render(context)
  File "/Library/Python/2.7/site-packages/django/template/loader_tags.py", line 155, in render
    return self.render_template(self.template, context)
  File "/Library/Python/2.7/site-packages/django/template/loader_tags.py", line 137, in render_template
    output = template.render(context)
  File "/Library/Python/2.7/site-packages/django/template/base.py", line 140, in render
    return self._render(context)
  File "/Library/Python/2.7/site-packages/django/test/utils.py", line 85, in instrumented_test_render
    return self.nodelist.render(context)
  File "/Library/Python/2.7/site-packages/django/template/base.py", line 840, in render
    bit = self.render_node(node, context)
  File "/Library/Python/2.7/site-packages/django/template/debug.py", line 78, in render_node
    return node.render(context)
  File "/Library/Python/2.7/site-packages/django/template/defaulttags.py", line 447, in render
    six.reraise(*exc_info)
  File "/Library/Python/2.7/site-packages/django/template/defaulttags.py", line 433, in render
    url = reverse(view_name, args=args, kwargs=kwargs, current_app=context.current_app)
  File "/Library/Python/2.7/site-packages/django/core/urlresolvers.py", line 532, in reverse
    return iri_to_uri(resolver._reverse_with_prefix(view, prefix, *args, **kwargs))
  File "/Library/Python/2.7/site-packages/django/core/urlresolvers.py", line 452, in _reverse_with_prefix
    (lookup_view_s, args, kwargs, len(patterns), patterns))
NoReverseMatch: Reverse for 'uim.profile.setting.by.app' with arguments '()' and keyword arguments '{}' not found. 0 pattern(s) tried: []
INFO 2014-06-23 20:32:32,245 ProfileSettingsView 1015 4421787648 [START]- Request Received for the settings Page
DEBUG 2014-06-23 20:32:32,719 ProfileSettingsView 1015 4421787648 {'usr': {'status': {'status': 'Software engineer', 'type': 'job', 'id': '1234', 'name': 'EMC'}, 'tz': 'Asia/Kolkota', 'locale': 'en', 'sex': 'M', 'lname': 'Pradhan', 'dob': {'status': 'Software engineer', 'type': 'job', 'id': '1234', 'name': 'EMC'}, 'fname': 'Jayaram'}, 'social': {'chat': 'test'}}
INFO 2014-06-23 20:32:32,814 ProfileSettingsView 1015 4421787648 [START]- Request Rendered for the settings Page
ERROR 2014-06-23 20:32:33,103 base 1015 4421787648 Internal Server Error: /setting/
Traceback (most recent call last):
  File "/Library/Python/2.7/site-packages/django/core/handlers/base.py", line 114, in get_response
    response = wrapped_callback(request, *callback_args, **callback_kwargs)
  File "/Library/Python/2.7/site-packages/django/views/generic/base.py", line 69, in view
    return self.dispatch(request, *args, **kwargs)
  File "/Users/Jayaram/git/uimirror-py/account/custom_mixins/LoginCheckMixin.py", line 22, in dispatch
    return super(LoginCheckMixin, self).dispatch(request, *args, **kwargs)
  File "/Library/Python/2.7/site-packages/django/views/generic/base.py", line 87, in dispatch
    return handler(request, *args, **kwargs)
  File "/Users/Jayaram/git/uimirror-py/account/profile_settings/ProfileSettingsView.py", line 29, in get
    return render_to_response('profile/settings/social/home.html',context);
  File "/Library/Python/2.7/site-packages/django/shortcuts/__init__.py", line 29, in render_to_response
    return HttpResponse(loader.render_to_string(*args, **kwargs), **httpresponse_kwargs)
  File "/Library/Python/2.7/site-packages/django/template/loader.py", line 164, in render_to_string
    return t.render(Context(dictionary))
  File "/Library/Python/2.7/site-packages/django/template/base.py", line 140, in render
    return self._render(context)
  File "/Library/Python/2.7/site-packages/django/test/utils.py", line 85, in instrumented_test_render
    return self.nodelist.render(context)
  File "/Library/Python/2.7/site-packages/django/template/base.py", line 840, in render
    bit = self.render_node(node, context)
  File "/Library/Python/2.7/site-packages/django/template/debug.py", line 78, in render_node
    return node.render(context)
  File "/Library/Python/2.7/site-packages/django/template/loader_tags.py", line 123, in render
    return compiled_parent._render(context)
  File "/Library/Python/2.7/site-packages/django/test/utils.py", line 85, in instrumented_test_render
    return self.nodelist.render(context)
  File "/Library/Python/2.7/site-packages/django/template/base.py", line 840, in render
    bit = self.render_node(node, context)
  File "/Library/Python/2.7/site-packages/django/template/debug.py", line 78, in render_node
    return node.render(context)
  File "/Library/Python/2.7/site-packages/django/template/loader_tags.py", line 62, in render
    result = block.nodelist.render(context)
  File "/Library/Python/2.7/site-packages/django/template/base.py", line 840, in render
    bit = self.render_node(node, context)
  File "/Library/Python/2.7/site-packages/django/template/debug.py", line 78, in render_node
    return node.render(context)
  File "/Library/Python/2.7/site-packages/django/template/loader_tags.py", line 155, in render
    return self.render_template(self.template, context)
  File "/Library/Python/2.7/site-packages/django/template/loader_tags.py", line 137, in render_template
    output = template.render(context)
  File "/Library/Python/2.7/site-packages/django/template/base.py", line 140, in render
    return self._render(context)
  File "/Library/Python/2.7/site-packages/django/test/utils.py", line 85, in instrumented_test_render
    return self.nodelist.render(context)
  File "/Library/Python/2.7/site-packages/django/template/base.py", line 840, in render
    bit = self.render_node(node, context)
  File "/Library/Python/2.7/site-packages/django/template/debug.py", line 78, in render_node
    return node.render(context)
  File "/Library/Python/2.7/site-packages/django/template/defaulttags.py", line 447, in render
    six.reraise(*exc_info)
  File "/Library/Python/2.7/site-packages/django/template/defaulttags.py", line 433, in render
    url = reverse(view_name, args=args, kwargs=kwargs, current_app=context.current_app)
  File "/Library/Python/2.7/site-packages/django/core/urlresolvers.py", line 532, in reverse
    return iri_to_uri(resolver._reverse_with_prefix(view, prefix, *args, **kwargs))
  File "/Library/Python/2.7/site-packages/django/core/urlresolvers.py", line 452, in _reverse_with_prefix
    (lookup_view_s, args, kwargs, len(patterns), patterns))
NoReverseMatch: Reverse for 'uim.profile.setting.by.app' with arguments '()' and keyword arguments '{}' not found. 1 pattern(s) tried: ['setting/(?P<app>\\w+)/$']
INFO 2014-06-23 20:32:33,296 ProfileSettingsView 1015 4427567104 [START]- Request Received for the settings Page
DEBUG 2014-06-23 20:32:35,715 ProfileSettingsView 1015 4427567104 {'usr': {'status': {'status': 'Software engineer', 'type': 'job', 'id': '1234', 'name': 'EMC'}, 'tz': 'Asia/Kolkota', 'locale': 'en', 'sex': 'M', 'lname': 'Pradhan', 'dob': {'status': 'Software engineer', 'type': 'job', 'id': '1234', 'name': 'EMC'}, 'fname': 'Jayaram'}, 'social': {'chat': 'test'}}
INFO 2014-06-23 20:32:35,863 ProfileSettingsView 1015 4427567104 [START]- Request Rendered for the settings Page
ERROR 2014-06-23 20:32:36,103 base 1015 4427567104 Internal Server Error: /setting/
Traceback (most recent call last):
  File "/Library/Python/2.7/site-packages/django/core/handlers/base.py", line 114, in get_response
    response = wrapped_callback(request, *callback_args, **callback_kwargs)
  File "/Library/Python/2.7/site-packages/django/views/generic/base.py", line 69, in view
    return self.dispatch(request, *args, **kwargs)
  File "/Users/Jayaram/git/uimirror-py/account/custom_mixins/LoginCheckMixin.py", line 22, in dispatch
    return super(LoginCheckMixin, self).dispatch(request, *args, **kwargs)
  File "/Library/Python/2.7/site-packages/django/views/generic/base.py", line 87, in dispatch
    return handler(request, *args, **kwargs)
  File "/Users/Jayaram/git/uimirror-py/account/profile_settings/ProfileSettingsView.py", line 29, in get
    return render_to_response('profile/settings/social/home.html',context);
  File "/Library/Python/2.7/site-packages/django/shortcuts/__init__.py", line 29, in render_to_response
    return HttpResponse(loader.render_to_string(*args, **kwargs), **httpresponse_kwargs)
  File "/Library/Python/2.7/site-packages/django/template/loader.py", line 164, in render_to_string
    return t.render(Context(dictionary))
  File "/Library/Python/2.7/site-packages/django/template/base.py", line 140, in render
    return self._render(context)
  File "/Library/Python/2.7/site-packages/django/test/utils.py", line 85, in instrumented_test_render
    return self.nodelist.render(context)
  File "/Library/Python/2.7/site-packages/django/template/base.py", line 840, in render
    bit = self.render_node(node, context)
  File "/Library/Python/2.7/site-packages/django/template/debug.py", line 78, in render_node
    return node.render(context)
  File "/Library/Python/2.7/site-packages/django/template/loader_tags.py", line 123, in render
    return compiled_parent._render(context)
  File "/Library/Python/2.7/site-packages/django/test/utils.py", line 85, in instrumented_test_render
    return self.nodelist.render(context)
  File "/Library/Python/2.7/site-packages/django/template/base.py", line 840, in render
    bit = self.render_node(node, context)
  File "/Library/Python/2.7/site-packages/django/template/debug.py", line 78, in render_node
    return node.render(context)
  File "/Library/Python/2.7/site-packages/django/template/loader_tags.py", line 62, in render
    result = block.nodelist.render(context)
  File "/Library/Python/2.7/site-packages/django/template/base.py", line 840, in render
    bit = self.render_node(node, context)
  File "/Library/Python/2.7/site-packages/django/template/debug.py", line 78, in render_node
    return node.render(context)
  File "/Library/Python/2.7/site-packages/django/template/loader_tags.py", line 155, in render
    return self.render_template(self.template, context)
  File "/Library/Python/2.7/site-packages/django/template/loader_tags.py", line 137, in render_template
    output = template.render(context)
  File "/Library/Python/2.7/site-packages/django/template/base.py", line 140, in render
    return self._render(context)
  File "/Library/Python/2.7/site-packages/django/test/utils.py", line 85, in instrumented_test_render
    return self.nodelist.render(context)
  File "/Library/Python/2.7/site-packages/django/template/base.py", line 840, in render
    bit = self.render_node(node, context)
  File "/Library/Python/2.7/site-packages/django/template/debug.py", line 78, in render_node
    return node.render(context)
  File "/Library/Python/2.7/site-packages/django/template/defaulttags.py", line 447, in render
    six.reraise(*exc_info)
  File "/Library/Python/2.7/site-packages/django/template/defaulttags.py", line 433, in render
    url = reverse(view_name, args=args, kwargs=kwargs, current_app=context.current_app)
  File "/Library/Python/2.7/site-packages/django/core/urlresolvers.py", line 532, in reverse
    return iri_to_uri(resolver._reverse_with_prefix(view, prefix, *args, **kwargs))
  File "/Library/Python/2.7/site-packages/django/core/urlresolvers.py", line 452, in _reverse_with_prefix
    (lookup_view_s, args, kwargs, len(patterns), patterns))
NoReverseMatch: Reverse for 'uim.profile.setting.by.app' with arguments '()' and keyword arguments '{}' not found. 1 pattern(s) tried: ['setting/(?P<app>\\w+)/$']
INFO 2014-06-23 20:32:57,237 ProfileSettingsView 1015 4427567104 [START]- Request Received for the settings Page
DEBUG 2014-06-23 20:32:57,261 ProfileSettingsView 1015 4427567104 {'usr': {'status': {'status': 'Software engineer', 'type': 'job', 'id': '1234', 'name': 'EMC'}, 'tz': 'Asia/Kolkota', 'locale': 'en', 'sex': 'M', 'lname': 'Pradhan', 'dob': {'status': 'Software engineer', 'type': 'job', 'id': '1234', 'name': 'EMC'}, 'fname': 'Jayaram'}, 'social': {'chat': 'test'}}
INFO 2014-06-23 20:32:57,264 ProfileSettingsView 1015 4427567104 [START]- Request Rendered for the settings Page
INFO 2014-06-23 20:32:59,486 ProfileSettingsView 1015 4427567104 [START]- Request Received for the settings Page
DEBUG 2014-06-23 20:32:59,507 ProfileSettingsView 1015 4427567104 {'usr': {'status': {'status': 'Software engineer', 'type': 'job', 'id': '1234', 'name': 'EMC'}, 'tz': 'Asia/Kolkota', 'locale': 'en', 'sex': 'M', 'lname': 'Pradhan', 'dob': {'status': 'Software engineer', 'type': 'job', 'id': '1234', 'name': 'EMC'}, 'fname': 'Jayaram'}, u'social': {u'chat': 'test'}}
INFO 2014-06-23 20:32:59,509 ProfileSettingsView 1015 4427567104 [START]- Request Rendered for the settings Page
INFO 2014-06-23 20:33:02,056 ProfileSettingsView 1015 4427567104 [START]- Request Received for the settings Page
DEBUG 2014-06-23 20:33:02,082 ProfileSettingsView 1015 4427567104 {'usr': {'status': {'status': 'Software engineer', 'type': 'job', 'id': '1234', 'name': 'EMC'}, 'tz': 'Asia/Kolkota', 'locale': 'en', 'sex': 'M', 'lname': 'Pradhan', 'dob': {'status': 'Software engineer', 'type': 'job', 'id': '1234', 'name': 'EMC'}, 'fname': 'Jayaram'}, u'social': {u'visibility': 'test'}}
INFO 2014-06-23 20:33:02,084 ProfileSettingsView 1015 4427567104 [START]- Request Rendered for the settings Page
INFO 2014-06-23 20:33:04,370 ProfileSettingsView 1015 4427567104 [START]- Request Received for the settings Page
DEBUG 2014-06-23 20:33:04,391 ProfileSettingsView 1015 4427567104 {'usr': {'status': {'status': 'Software engineer', 'type': 'job', 'id': '1234', 'name': 'EMC'}, 'tz': 'Asia/Kolkota', 'locale': 'en', 'sex': 'M', 'lname': 'Pradhan', 'dob': {'status': 'Software engineer', 'type': 'job', 'id': '1234', 'name': 'EMC'}, 'fname': 'Jayaram'}, u'social': {u'snap': 'test'}}
INFO 2014-06-23 20:33:04,393 ProfileSettingsView 1015 4427567104 [START]- Request Rendered for the settings Page
INFO 2014-06-23 20:33:08,005 ProfileSettingsView 1015 4427567104 [START]- Request Received for the settings Page
DEBUG 2014-06-23 20:33:08,033 ProfileSettingsView 1015 4427567104 {'usr': {'status': {'status': 'Software engineer', 'type': 'job', 'id': '1234', 'name': 'EMC'}, 'tz': 'Asia/Kolkota', 'locale': 'en', 'sex': 'M', 'lname': 'Pradhan', 'dob': {'status': 'Software engineer', 'type': 'job', 'id': '1234', 'name': 'EMC'}, 'fname': 'Jayaram'}, u'social': {u'updates': 'test'}}
INFO 2014-06-23 20:33:08,035 ProfileSettingsView 1015 4427567104 [START]- Request Rendered for the settings Page
INFO 2014-06-23 20:33:10,278 ProfileSettingsView 1015 4427567104 [START]- Request Received for the settings Page
DEBUG 2014-06-23 20:33:10,302 ProfileSettingsView 1015 4427567104 {'usr': {'status': {'status': 'Software engineer', 'type': 'job', 'id': '1234', 'name': 'EMC'}, 'tz': 'Asia/Kolkota', 'locale': 'en', 'sex': 'M', 'lname': 'Pradhan', 'dob': {'status': 'Software engineer', 'type': 'job', 'id': '1234', 'name': 'EMC'}, 'fname': 'Jayaram'}, u'social': {u'password': 'test'}}
INFO 2014-06-23 20:33:10,304 ProfileSettingsView 1015 4427567104 [START]- Request Rendered for the settings Page
INFO 2014-06-23 20:33:12,741 ProfileSettingsView 1015 4427567104 [START]- Request Received for the settings Page
DEBUG 2014-06-23 20:33:12,769 ProfileSettingsView 1015 4427567104 {'usr': {'status': {'status': 'Software engineer', 'type': 'job', 'id': '1234', 'name': 'EMC'}, 'tz': 'Asia/Kolkota', 'locale': 'en', 'sex': 'M', 'lname': 'Pradhan', 'dob': {'status': 'Software engineer', 'type': 'job', 'id': '1234', 'name': 'EMC'}, 'fname': 'Jayaram'}, u'social': {u'account': 'test'}}
INFO 2014-06-23 20:33:12,772 ProfileSettingsView 1015 4427567104 [START]- Request Rendered for the settings Page
INFO 2014-06-23 20:33:15,669 ProfileSettingsView 1015 4427567104 [START]- Request Received for the settings Page
DEBUG 2014-06-23 20:33:15,695 ProfileSettingsView 1015 4427567104 {'usr': {'status': {'status': 'Software engineer', 'type': 'job', 'id': '1234', 'name': 'EMC'}, 'tz': 'Asia/Kolkota', 'locale': 'en', 'sex': 'M', 'lname': 'Pradhan', 'dob': {'status': 'Software engineer', 'type': 'job', 'id': '1234', 'name': 'EMC'}, 'fname': 'Jayaram'}, u'Social': {None: 'test'}}
INFO 2014-06-23 20:33:15,697 ProfileSettingsView 1015 4427567104 [START]- Request Rendered for the settings Page
INFO 2014-06-23 20:33:18,907 ProfileSettingsView 1015 4427567104 [START]- Request Received for the settings Page
DEBUG 2014-06-23 20:33:18,933 ProfileSettingsView 1015 4427567104 {'usr': {'status': {'status': 'Software engineer', 'type': 'job', 'id': '1234', 'name': 'EMC'}, 'tz': 'Asia/Kolkota', 'locale': 'en', 'sex': 'M', 'lname': 'Pradhan', 'dob': {'status': 'Software engineer', 'type': 'job', 'id': '1234', 'name': 'EMC'}, 'fname': 'Jayaram'}, u'social': {u'chat': 'test'}}
INFO 2014-06-23 20:33:18,935 ProfileSettingsView 1015 4427567104 [START]- Request Rendered for the settings Page
INFO 2014-06-23 20:33:22,463 ProfileSettingsView 1015 4427567104 [START]- Request Received for the settings Page
DEBUG 2014-06-23 20:33:22,492 ProfileSettingsView 1015 4427567104 {'usr': {'status': {'status': 'Software engineer', 'type': 'job', 'id': '1234', 'name': 'EMC'}, 'tz': 'Asia/Kolkota', 'locale': 'en', 'sex': 'M', 'lname': 'Pradhan', 'dob': {'status': 'Software engineer', 'type': 'job', 'id': '1234', 'name': 'EMC'}, 'fname': 'Jayaram'}, u'social': {u'chat': 'test'}}
INFO 2014-06-23 20:33:22,494 ProfileSettingsView 1015 4427567104 [START]- Request Rendered for the settings Page
INFO 2014-06-23 20:33:25,318 ProfileSettingsView 1015 4427567104 [START]- Request Received for the settings Page
DEBUG 2014-06-23 20:33:25,347 ProfileSettingsView 1015 4427567104 {'usr': {'status': {'status': 'Software engineer', 'type': 'job', 'id': '1234', 'name': 'EMC'}, 'tz': 'Asia/Kolkota', 'locale': 'en', 'sex': 'M', 'lname': 'Pradhan', 'dob': {'status': 'Software engineer', 'type': 'job', 'id': '1234', 'name': 'EMC'}, 'fname': 'Jayaram'}, u'Social': {None: 'test'}}
INFO 2014-06-23 20:33:25,349 ProfileSettingsView 1015 4427567104 [START]- Request Rendered for the settings Page
INFO 2014-06-23 20:34:57,088 ProfileSettingsView 1015 4427567104 [START]- Request Received for the settings Page
DEBUG 2014-06-23 20:34:57,123 ProfileSettingsView 1015 4427567104 {'usr': {'status': {'status': 'Software engineer', 'type': 'job', 'id': '1234', 'name': 'EMC'}, 'tz': 'Asia/Kolkota', 'locale': 'en', 'sex': 'M', 'lname': 'Pradhan', 'dob': {'status': 'Software engineer', 'type': 'job', 'id': '1234', 'name': 'EMC'}, 'fname': 'Jayaram'}, u'Social': {None: 'test'}}
INFO 2014-06-23 20:34:57,125 ProfileSettingsView 1015 4427567104 [START]- Request Rendered for the settings Page
INFO 2014-06-23 20:35:00,250 ProfileSettingsView 1015 4427567104 [START]- Request Received for the settings Page
DEBUG 2014-06-23 20:35:00,286 ProfileSettingsView 1015 4427567104 {'usr': {'status': {'status': 'Software engineer', 'type': 'job', 'id': '1234', 'name': 'EMC'}, 'tz': 'Asia/Kolkota', 'locale': 'en', 'sex': 'M', 'lname': 'Pradhan', 'dob': {'status': 'Software engineer', 'type': 'job', 'id': '1234', 'name': 'EMC'}, 'fname': 'Jayaram'}, u'social': {'chat': 'test'}}
INFO 2014-06-23 20:35:00,289 ProfileSettingsView 1015 4427567104 [START]- Request Rendered for the settings Page
INFO 2014-06-23 20:35:02,440 ProfileSettingsView 1015 4427567104 [START]- Request Received for the settings Page
DEBUG 2014-06-23 20:35:02,476 ProfileSettingsView 1015 4427567104 {'usr': {'status': {'status': 'Software engineer', 'type': 'job', 'id': '1234', 'name': 'EMC'}, 'tz': 'Asia/Kolkota', 'locale': 'en', 'sex': 'M', 'lname': 'Pradhan', 'dob': {'status': 'Software engineer', 'type': 'job', 'id': '1234', 'name': 'EMC'}, 'fname': 'Jayaram'}, u'social': {u'visibility': 'test'}}
INFO 2014-06-23 20:35:02,478 ProfileSettingsView 1015 4427567104 [START]- Request Rendered for the settings Page
INFO 2014-06-23 20:37:43,241 ProfileSettingsView 1015 4427567104 [START]- Request Received for the settings Page
DEBUG 2014-06-23 20:37:43,275 ProfileSettingsView 1015 4427567104 {'usr': {'status': {'status': 'Software engineer', 'type': 'job', 'id': '1234', 'name': 'EMC'}, 'tz': 'Asia/Kolkota', 'locale': 'en', 'sex': 'M', 'lname': 'Pradhan', 'dob': {'status': 'Software engineer', 'type': 'job', 'id': '1234', 'name': 'EMC'}, 'fname': 'Jayaram'}, u'social': {u'visibility': 'test'}}
INFO 2014-06-23 20:37:43,278 ProfileSettingsView 1015 4427567104 [START]- Request Rendered for the settings Page
INFO 2014-06-23 20:37:45,692 ProfileSettingsView 1015 4427567104 [START]- Request Received for the settings Page
DEBUG 2014-06-23 20:37:45,724 ProfileSettingsView 1015 4427567104 {'usr': {'status': {'status': 'Software engineer', 'type': 'job', 'id': '1234', 'name': 'EMC'}, 'tz': 'Asia/Kolkota', 'locale': 'en', 'sex': 'M', 'lname': 'Pradhan', 'dob': {'status': 'Software engineer', 'type': 'job', 'id': '1234', 'name': 'EMC'}, 'fname': 'Jayaram'}, u'social': {u'chat': 'test'}}
INFO 2014-06-23 20:37:45,727 ProfileSettingsView 1015 4427567104 [START]- Request Rendered for the settings Page
INFO 2014-06-23 20:37:47,384 ProfileSettingsView 1015 4427567104 [START]- Request Received for the settings Page
DEBUG 2014-06-23 20:37:47,412 ProfileSettingsView 1015 4427567104 {'usr': {'status': {'status': 'Software engineer', 'type': 'job', 'id': '1234', 'name': 'EMC'}, 'tz': 'Asia/Kolkota', 'locale': 'en', 'sex': 'M', 'lname': 'Pradhan', 'dob': {'status': 'Software engineer', 'type': 'job', 'id': '1234', 'name': 'EMC'}, 'fname': 'Jayaram'}, u'social': {u'snap': 'test'}}
INFO 2014-06-23 20:37:47,415 ProfileSettingsView 1015 4427567104 [START]- Request Rendered for the settings Page
INFO 2014-06-23 20:37:49,099 ProfileSettingsView 1015 4427567104 [START]- Request Received for the settings Page
DEBUG 2014-06-23 20:37:49,128 ProfileSettingsView 1015 4427567104 {'usr': {'status': {'status': 'Software engineer', 'type': 'job', 'id': '1234', 'name': 'EMC'}, 'tz': 'Asia/Kolkota', 'locale': 'en', 'sex': 'M', 'lname': 'Pradhan', 'dob': {'status': 'Software engineer', 'type': 'job', 'id': '1234', 'name': 'EMC'}, 'fname': 'Jayaram'}, u'social': {u'updates': 'test'}}
INFO 2014-06-23 20:37:49,130 ProfileSettingsView 1015 4427567104 [START]- Request Rendered for the settings Page
INFO 2014-06-23 20:37:51,186 ProfileSettingsView 1015 4427567104 [START]- Request Received for the settings Page
DEBUG 2014-06-23 20:37:51,215 ProfileSettingsView 1015 4427567104 {'usr': {'status': {'status': 'Software engineer', 'type': 'job', 'id': '1234', 'name': 'EMC'}, 'tz': 'Asia/Kolkota', 'locale': 'en', 'sex': 'M', 'lname': 'Pradhan', 'dob': {'status': 'Software engineer', 'type': 'job', 'id': '1234', 'name': 'EMC'}, 'fname': 'Jayaram'}, u'social': {u'password': 'test'}}
INFO 2014-06-23 20:37:51,218 ProfileSettingsView 1015 4427567104 [START]- Request Rendered for the settings Page
INFO 2014-06-23 20:37:53,411 ProfileSettingsView 1015 4427567104 [START]- Request Received for the settings Page
DEBUG 2014-06-23 20:37:53,443 ProfileSettingsView 1015 4427567104 {'usr': {'status': {'status': 'Software engineer', 'type': 'job', 'id': '1234', 'name': 'EMC'}, 'tz': 'Asia/Kolkota', 'locale': 'en', 'sex': 'M', 'lname': 'Pradhan', 'dob': {'status': 'Software engineer', 'type': 'job', 'id': '1234', 'name': 'EMC'}, 'fname': 'Jayaram'}, u'social': {u'updates': 'test'}}
INFO 2014-06-23 20:37:53,445 ProfileSettingsView 1015 4427567104 [START]- Request Rendered for the settings Page
INFO 2014-06-23 20:37:55,815 ProfileSettingsView 1015 4427567104 [START]- Request Received for the settings Page
DEBUG 2014-06-23 20:37:55,851 ProfileSettingsView 1015 4427567104 {'usr': {'status': {'status': 'Software engineer', 'type': 'job', 'id': '1234', 'name': 'EMC'}, 'tz': 'Asia/Kolkota', 'locale': 'en', 'sex': 'M', 'lname': 'Pradhan', 'dob': {'status': 'Software engineer', 'type': 'job', 'id': '1234', 'name': 'EMC'}, 'fname': 'Jayaram'}, u'social': {u'visibility': 'test'}}
INFO 2014-06-23 20:37:55,853 ProfileSettingsView 1015 4427567104 [START]- Request Rendered for the settings Page
INFO 2014-06-23 20:37:57,250 ProfileSettingsView 1015 4427567104 [START]- Request Received for the settings Page
DEBUG 2014-06-23 20:37:57,285 ProfileSettingsView 1015 4427567104 {'usr': {'status': {'status': 'Software engineer', 'type': 'job', 'id': '1234', 'name': 'EMC'}, 'tz': 'Asia/Kolkota', 'locale': 'en', 'sex': 'M', 'lname': 'Pradhan', 'dob': {'status': 'Software engineer', 'type': 'job', 'id': '1234', 'name': 'EMC'}, 'fname': 'Jayaram'}, u'social': {u'chat': 'test'}}
INFO 2014-06-23 20:37:57,287 ProfileSettingsView 1015 4427567104 [START]- Request Rendered for the settings Page
INFO 2014-06-23 20:38:01,550 ProfileSettingsView 1015 4427567104 [START]- Request Received for the settings Page
DEBUG 2014-06-23 20:38:01,589 ProfileSettingsView 1015 4427567104 {'usr': {'status': {'status': 'Software engineer', 'type': 'job', 'id': '1234', 'name': 'EMC'}, 'tz': 'Asia/Kolkota', 'locale': 'en', 'sex': 'M', 'lname': 'Pradhan', 'dob': {'status': 'Software engineer', 'type': 'job', 'id': '1234', 'name': 'EMC'}, 'fname': 'Jayaram'}, u'social': {u'account': 'test'}}
INFO 2014-06-23 20:38:01,591 ProfileSettingsView 1015 4427567104 [START]- Request Rendered for the settings Page
INFO 2014-06-23 20:38:13,186 ProfileSettingsView 1015 4427567104 [START]- Request Received for the settings Page
DEBUG 2014-06-23 20:38:13,227 ProfileSettingsView 1015 4427567104 {'usr': {'status': {'status': 'Software engineer', 'type': 'job', 'id': '1234', 'name': 'EMC'}, 'tz': 'Asia/Kolkota', 'locale': 'en', 'sex': 'M', 'lname': 'Pradhan', 'dob': {'status': 'Software engineer', 'type': 'job', 'id': '1234', 'name': 'EMC'}, 'fname': 'Jayaram'}, u'social': {u'chat': 'test'}}
INFO 2014-06-23 20:38:13,230 ProfileSettingsView 1015 4427567104 [START]- Request Rendered for the settings Page
INFO 2014-06-23 20:38:40,863 ProfileSettingsView 1015 4427567104 [START]- Request Received for the settings Page
DEBUG 2014-06-23 20:38:40,901 ProfileSettingsView 1015 4427567104 {'usr': {'status': {'status': 'Software engineer', 'type': 'job', 'id': '1234', 'name': 'EMC'}, 'tz': 'Asia/Kolkota', 'locale': 'en', 'sex': 'M', 'lname': 'Pradhan', 'dob': {'status': 'Software engineer', 'type': 'job', 'id': '1234', 'name': 'EMC'}, 'fname': 'Jayaram'}, u'social': {u'visibility': 'test'}}
INFO 2014-06-23 20:38:40,904 ProfileSettingsView 1015 4427567104 [START]- Request Rendered for the settings Page
INFO 2014-06-23 20:39:47,400 ProfileSettingsView 1015 4427567104 [START]- Request Received for the settings Page
DEBUG 2014-06-23 20:39:47,443 ProfileSettingsView 1015 4427567104 {'usr': {'status': {'status': 'Software engineer', 'type': 'job', 'id': '1234', 'name': 'EMC'}, 'tz': 'Asia/Kolkota', 'locale': 'en', 'sex': 'M', 'lname': 'Pradhan', 'dob': {'status': 'Software engineer', 'type': 'job', 'id': '1234', 'name': 'EMC'}, 'fname': 'Jayaram'}, u'social': {u'snap': 'test'}}
INFO 2014-06-23 20:39:47,445 ProfileSettingsView 1015 4427567104 [START]- Request Rendered for the settings Page
INFO 2014-06-23 20:40:06,591 ProfileSettingsView 1015 4427567104 [START]- Request Received for the settings Page
DEBUG 2014-06-23 20:40:06,635 ProfileSettingsView 1015 4427567104 {'usr': {'status': {'status': 'Software engineer', 'type': 'job', 'id': '1234', 'name': 'EMC'}, 'tz': 'Asia/Kolkota', 'locale': 'en', 'sex': 'M', 'lname': 'Pradhan', 'dob': {'status': 'Software engineer', 'type': 'job', 'id': '1234', 'name': 'EMC'}, 'fname': 'Jayaram'}, u'social': {u'updates': 'test'}}
INFO 2014-06-23 20:40:06,637 ProfileSettingsView 1015 4427567104 [START]- Request Rendered for the settings Page
INFO 2014-06-23 20:41:43,423 ProfileSettingsView 1015 4427567104 [START]- Request Received for the settings Page
DEBUG 2014-06-23 20:41:43,462 ProfileSettingsView 1015 4427567104 {'usr': {'status': {'status': 'Software engineer', 'type': 'job', 'id': '1234', 'name': 'EMC'}, 'tz': 'Asia/Kolkota', 'locale': 'en', 'sex': 'M', 'lname': 'Pradhan', 'dob': {'status': 'Software engineer', 'type': 'job', 'id': '1234', 'name': 'EMC'}, 'fname': 'Jayaram'}, u'social': {u'password': 'test'}}
INFO 2014-06-23 20:41:43,464 ProfileSettingsView 1015 4427567104 [START]- Request Rendered for the settings Page
INFO 2014-06-23 20:41:46,070 ProfileSettingsView 1015 4427567104 [START]- Request Received for the settings Page
DEBUG 2014-06-23 20:41:46,124 ProfileSettingsView 1015 4427567104 {'usr': {'status': {'status': 'Software engineer', 'type': 'job', 'id': '1234', 'name': 'EMC'}, 'tz': 'Asia/Kolkota', 'locale': 'en', 'sex': 'M', 'lname': 'Pradhan', 'dob': {'status': 'Software engineer', 'type': 'job', 'id': '1234', 'name': 'EMC'}, 'fname': 'Jayaram'}, u'social': {u'account': 'test'}}
INFO 2014-06-23 20:41:46,128 ProfileSettingsView 1015 4427567104 [START]- Request Rendered for the settings Page
INFO 2014-06-23 20:42:12,680 ProfileSettingsView 1015 4427567104 [START]- Request Received for the settings Page
DEBUG 2014-06-23 20:42:12,726 ProfileSettingsView 1015 4427567104 {'usr': {'status': {'status': 'Software engineer', 'type': 'job', 'id': '1234', 'name': 'EMC'}, 'tz': 'Asia/Kolkota', 'locale': 'en', 'sex': 'M', 'lname': 'Pradhan', 'dob': {'status': 'Software engineer', 'type': 'job', 'id': '1234', 'name': 'EMC'}, 'fname': 'Jayaram'}, u'social': {'chat': 'test'}}
INFO 2014-06-23 20:42:12,728 ProfileSettingsView 1015 4427567104 [START]- Request Rendered for the settings Page
INFO 2014-06-23 20:42:48,049 ProfileSettingsView 1015 4427567104 [START]- Request Received for the settings Page
DEBUG 2014-06-23 20:42:48,091 ProfileSettingsView 1015 4427567104 {'usr': {'status': {'status': 'Software engineer', 'type': 'job', 'id': '1234', 'name': 'EMC'}, 'tz': 'Asia/Kolkota', 'locale': 'en', 'sex': 'M', 'lname': 'Pradhan', 'dob': {'status': 'Software engineer', 'type': 'job', 'id': '1234', 'name': 'EMC'}, 'fname': 'Jayaram'}, u'social': {u'visibility': 'test'}}
INFO 2014-06-23 20:42:48,095 ProfileSettingsView 1015 4427567104 [START]- Request Rendered for the settings Page
